<?xml version="1.0" encoding="UTF-8"?>
<testsuite name="exercises.exercise4.AddTaskTest" tests="1" skipped="0" failures="0" errors="0" timestamp="2023-10-18T21:58:37" hostname="LAPTOP-V6TDORT5" time="26.376">
  <properties/>
  <testcase name="addTask()" classname="exercises.exercise4.AddTaskTest" time="26.376"/>
  <system-out><![CDATA[]]></system-out>
  <system-err><![CDATA[]]></system-err>
</testsuite>
