<?xml version="1.0" encoding="UTF-8"?>
<testsuite name="exercises.exercise1.CreateUserProjectTest" tests="1" skipped="0" failures="0" errors="0" timestamp="2023-10-18T22:20:14" hostname="LAPTOP-V6TDORT5" time="11.419">
  <properties/>
  <testcase name="createUserProject()" classname="exercises.exercise1.CreateUserProjectTest" time="11.419"/>
  <system-out><![CDATA[]]></system-out>
  <system-err><![CDATA[]]></system-err>
</testsuite>
